  imgui.cpp
  imgui_demo.cpp
  imgui_draw.cpp
  imgui_widgets.cpp
  Generating Code...
  ImGui.vcxproj -> C:\Dev\Aurora\Aurora\vendor\imgui\bin\Debug-windows-x86_64\ImGui\ImGui.lib

Project Performance Summary:
     1249 ms  C:\Dev\Aurora\Aurora\vendor\imgui\ImGui.vcxproj   1 calls
               1249 ms  Build                                      1 calls

Target Performance Summary:
        0 ms  MakeDirsForResourceCompile                 1 calls
        0 ms  BuildCompile                               1 calls
        0 ms  _BuildCompileAction                        1 calls
        0 ms  AfterBuildCompileEvent                     1 calls
        0 ms  _Lib                                       1 calls
        0 ms  AfterLib                                   1 calls
        0 ms  PreLinkEvent                               1 calls
        0 ms  DoLibOutputFilesMatch                      1 calls
        0 ms  MakeDirsForLib                             1 calls
        0 ms  ComputeLibInputsFromProject                1 calls
        0 ms  ComputeCLGeneratedLibInputs                1 calls
        0 ms  ComputeCustomBuildOutput                   1 calls
        0 ms  ComputeRCGeneratedLibInputs                1 calls
        0 ms  ComputeRCOutputs                           1 calls
        0 ms  ComputeLibAdditionalOptions                1 calls
        0 ms  BeforeLib                                  1 calls
        0 ms  _ResourceCompile                           1 calls
        0 ms  AfterResourceCompile                       1 calls
        0 ms  FinalizeBuildStatus                        1 calls
        0 ms  BeforeResourceCompile                      1 calls
        0 ms  BuildLinkTraverse                          1 calls
        0 ms  _ClCompile                                 1 calls
        0 ms  _ALink                                     1 calls
        0 ms  RegisterOutput                             1 calls
        0 ms  AfterBuild                                 1 calls
        0 ms  BuildLink                                  1 calls
        0 ms  _BuildLinkAction                           1 calls
        0 ms  PostBuildEvent                             1 calls
        0 ms  PrepareForRun                              1 calls
        0 ms  _CheckForCompileOutputs                    1 calls
        0 ms  _CopySourceItemsToOutputDirectory          1 calls
        0 ms  GetCopyToOutputDirectoryItems              1 calls
        0 ms  AssignTargetPaths                          1 calls
        0 ms  _Deploy                                    1 calls
        0 ms  _Appverifier                               1 calls
        0 ms  CreateSatelliteAssemblies                  1 calls
        0 ms  _GenerateSatelliteAssemblyInputs           1 calls
        0 ms  _BscMake                                   1 calls
        0 ms  MakeDirsForBscMake                         1 calls
        0 ms  _XdcMake                                   1 calls
        0 ms  MakeDirsForXdcMake                         1 calls
        0 ms  ComputeCLCompileGeneratedXDCFiles          1 calls
        0 ms  ResolvedXDCMake                            1 calls
        0 ms  _Manifest                                  1 calls
        0 ms  AfterClCompile                             1 calls
        0 ms  Build                                      1 calls
        0 ms  SelectClCompile                            1 calls
        0 ms  BeforeBuildGenerateSources                 1 calls
        0 ms  BuildGenerateSourcesTraverse               1 calls
        0 ms  AfterResolveReferences                     1 calls
        0 ms  ResolveAssemblyReferences                  1 calls
        0 ms  ExpandSDKReferences                        1 calls
        0 ms  ResolveSDKReferences                       1 calls
        0 ms  PreBuildEvent                              1 calls
        0 ms  Desktop_PlatformPrepareForBuild            1 calls
        0 ms  GetResolvedWinMD                           1 calls
        0 ms  GetReferenceAssemblyPaths                  1 calls
        0 ms  PrepareProjectReferences                   1 calls
        0 ms  _SplitProjectReferencesByFileExistence     1 calls
        0 ms  BeforeResolveReferences                    1 calls
        0 ms  _PrepareForBuild                           1 calls
        0 ms  PlatformPrepareForBuild                    1 calls
        0 ms  _Xsd                                       1 calls
        0 ms  ResolveReferences                          1 calls
        0 ms  BeforeClCompile                            1 calls
        0 ms  BuildCompileTraverse                       1 calls
        0 ms  ComputeReferenceCLInput                    1 calls
        0 ms  BuildGenerateSources                       1 calls
        0 ms  FixupCLCompileOptions                      1 calls
        0 ms  _BuildGenerateSourcesAction                1 calls
        0 ms  ComputeMIDLGeneratedCompileInputs          1 calls
        0 ms  AfterBuildGenerateSourcesEvent             1 calls
        0 ms  _SelectedFiles                             1 calls
        0 ms  AfterBuildGenerateSources                  1 calls
        0 ms  _Midl                                      1 calls
        0 ms  AfterMidl                                  1 calls
        0 ms  SelectCustomBuild                          1 calls
        0 ms  ComputeCLInputPDBName                      1 calls
        1 ms  GetCopyToOutputDirectoryXamlAppDefs        1 calls
        1 ms  AssignProjectConfiguration                 1 calls
        1 ms  _PrepareForReferenceResolution             1 calls
        1 ms  GetFrameworkPaths                          1 calls
        1 ms  MakeDirsForMidl                            1 calls
        1 ms  ComputeCLCompileGeneratedSbrFiles          1 calls
        1 ms  ComputeLegacyManifestEmbedding             1 calls
        1 ms  ComputeCLOutputs                           1 calls
        2 ms  InitializeBuildStatus                      1 calls
        3 ms  MakeDirsForCl                              1 calls
        4 ms  _GetProjectReferenceTargetFrameworkProperties   1 calls
        4 ms  CopyFilesToOutputDirectory                 1 calls
        5 ms  SetBuildDefaultEnvironmentVariables        1 calls
        7 ms  _CheckForInvalidConfigurationAndPlatform   1 calls
        8 ms  PrepareForBuild                            1 calls
       19 ms  ResolveProjectReferences                   1 calls
       77 ms  Lib                                        1 calls
       91 ms  SetCABuildNativeEnvironmentVariables       1 calls
     1019 ms  ClCompile                                  1 calls
